nohup: ignoring input
✓ GPU detectada! Operações aceleradas por GPU ativadas.
  - Binary morphology operations (closing, dilation)
  - Connected components labeling
  - Image downscaling
💾 Salvamento de cache habilitado
🔧 Método de downscale: scipy

📁 Diretório de saída: /data04/home/projetos/dac_seg_dlag/mssilva.ppgmc/matheus_codes/coronary-centerline-detection/output/segmentation/2026-03-30_08-56-39


==================================================
ESTATÍSTICAS DOS CONJUNTOS
==================================================
Treino:    270 imagens ( 27.0%)
Validação:  30 imagens (  3.0%)
Teste:     700 imagens ( 70.0%)
Total:     1000 imagens
==================================================


============================================================
🔬 Processando conjunto: TEST
============================================================
Processando test:   0%|          | 0/700 [00:00<?, ?it/s]